push-bruno
push-dani
1x-pop
push-carla
push-dani1x-pop
1x-pop
1x-pop
push-antônia
push-brunopush-carlapush-danipush-walter
1x-pop
push-maria
push-walter1x-pop
1x-pop
push-joão
push-mariapush-walter1x-pop
push-maria
push-walter1x-pop
1x-pop
1x-pop
push-joão
push-mariapush-mariapush-walter1x-pop
push-opa
push-walter1x-pop
1x-pop
1x-pop
1x-pop
1x-pop
1x-pop
1x-pop
1x-pop
push-bula
push-carlapush-danipush-joãopush-joãopush-mariapush-mariapush-opapush-walter1x-pop
1x-pop
1x-pop
1x-pop
1x-pop
1x-pop
1x-pop
push-chica
push-danipush-joãopush-joãopush-mariapush-mariapush-opapush-walter1x-pop
push-suca
push-walter1x-pop
1x-pop
1x-pop
1x-pop
1x-pop
push-mara
push-mariapush-mariapush-opapush-sucapush-walter1x-pop
1x-pop
1x-pop
push-nara
push-opapush-sucapush-walter1x-pop
1x-pop
1x-pop
1x-pop
1x-pop
1x-pop
1x-pop
1x-pop
1x-pop
1x-pop
1x-pop
1x-pop
push-cabanca
push-carlapush-chicapush-danipush-joãopush-joãopush-marapush-mariapush-mariapush-narapush-opapush-sucapush-walter